2025-04-18 19:57:39,251 - swing_trading - INFO - Starting Swing Trading Algorithm
2025-04-18 19:57:39,251 - swing_trading - INFO - Configuration loaded: Swing Trading Algorithm
2025-04-18 19:57:39,252 - swing_trading - INFO - Data provider initialized: YahooFinanceProvider
2025-04-18 19:57:39,252 - swing_trading - INFO - Retrieving data for F
2025-04-18 19:57:39,569 - swing_trading - INFO - Retrieved 251 data points for F
2025-04-18 19:57:39,569 - swing_trading - INFO - Retrieving data for NOK
2025-04-18 19:57:39,734 - swing_trading - INFO - Retrieved 251 data points for NOK
2025-04-18 19:57:39,737 - swing_trading - INFO - Retrieving data for PLTR
2025-04-18 19:57:39,810 - swing_trading - INFO - Retrieved 251 data points for PLTR
2025-04-18 19:57:39,811 - swing_trading - INFO - Retrieving data for LLOY.L
2025-04-18 19:57:39,924 - swing_trading - INFO - Retrieved 255 data points for LLOY.L
2025-04-18 19:57:39,925 - swing_trading - INFO - Retrieving data for RR.L
2025-04-18 19:57:40,071 - swing_trading - INFO - Retrieved 255 data points for RR.L
2025-04-18 19:57:40,071 - swing_trading - INFO - Retrieving data for EZJ.L
2025-04-18 19:57:40,227 - swing_trading - INFO - Retrieved 255 data points for EZJ.L
2025-04-18 19:57:40,227 - swing_trading - INFO - Retrieving data for BARC.L
2025-04-18 19:57:40,360 - swing_trading - INFO - Retrieved 255 data points for BARC.L
2025-04-18 19:57:40,360 - swing_trading - INFO - Retrieving data for BP.L
2025-04-18 19:57:40,479 - swing_trading - INFO - Retrieved 254 data points for BP.L
2025-04-18 19:57:40,479 - swing_trading - INFO - Strategy initialized: Basic Swing Strategy
2025-04-18 19:57:40,479 - swing_trading - INFO - Simulator initialized with balance: 50.0 GBP
2025-04-18 19:57:40,479 - swing_trading - INFO - Performance analyzer initialized
2025-04-18 19:57:40,479 - swing_trading - INFO - Starting simulation
2025-04-18 19:57:40,479 - swing_trading - INFO - Analyzing F
2025-04-18 19:57:40,496 - swing_trading - INFO - Generated 2 signals for F
2025-04-18 19:57:40,498 - swing_trading - INFO - Opened short trade for F at 11.380736815452575
2025-04-18 19:57:40,500 - swing_trading - INFO - Analyzing NOK
2025-04-18 19:57:40,516 - swing_trading - INFO - No signals generated for NOK
2025-04-18 19:57:40,517 - swing_trading - INFO - Analyzing PLTR
2025-04-18 19:57:40,532 - swing_trading - INFO - Generated 1 signals for PLTR
2025-04-18 19:57:40,534 - swing_trading - INFO - Opened long trade for PLTR at 26.616590152740475
2025-04-18 19:57:40,534 - swing_trading - INFO - Analyzing LLOY.L
2025-04-18 19:57:40,549 - swing_trading - INFO - Generated 2 signals for LLOY.L
2025-04-18 19:57:40,552 - swing_trading - INFO - Opened long trade for LLOY.L at 55.0071616821289
2025-04-18 19:57:40,556 - swing_trading - INFO - Analyzing RR.L
2025-04-18 19:57:40,573 - swing_trading - INFO - Generated 2 signals for RR.L
2025-04-18 19:57:40,577 - swing_trading - INFO - Analyzing EZJ.L
2025-04-18 19:57:40,592 - swing_trading - INFO - No signals generated for EZJ.L
2025-04-18 19:57:40,592 - swing_trading - INFO - Analyzing BARC.L
2025-04-18 19:57:40,607 - swing_trading - INFO - Generated 1 signals for BARC.L
2025-04-18 19:57:40,608 - swing_trading - INFO - Analyzing BP.L
2025-04-18 19:57:40,624 - swing_trading - INFO - No signals generated for BP.L
2025-04-18 19:57:40,630 - swing_trading - INFO - Closed 3 trades
