2025-04-18 20:25:18,039 - swing_trading - INFO - Starting Adaptive ML Model Training
2025-04-18 20:25:18,039 - swing_trading - INFO - Data provider initialized: YahooFinanceProvider
2025-04-18 20:25:18,039 - swing_trading - INFO - Retrieving data for F
2025-04-18 20:25:18,404 - swing_trading - INFO - Retrieved 250 data points for F
2025-04-18 20:25:18,404 - swing_trading - INFO - Retrieving data for NOK
2025-04-18 20:25:18,532 - swing_trading - INFO - Retrieved 250 data points for NOK
2025-04-18 20:25:18,532 - swing_trading - INFO - Retrieving data for PLTR
2025-04-18 20:25:18,610 - swing_trading - INFO - Retrieved 250 data points for PLTR
2025-04-18 20:25:18,610 - swing_trading - INFO - Retrieving data for LLOY.L
2025-04-18 20:25:18,775 - swing_trading - INFO - Retrieved 255 data points for LLOY.L
2025-04-18 20:25:18,775 - swing_trading - INFO - Retrieving data for RR.L
2025-04-18 20:25:18,895 - swing_trading - INFO - Retrieved 255 data points for RR.L
2025-04-18 20:25:18,895 - swing_trading - INFO - Retrieving data for EZJ.L
2025-04-18 20:25:18,993 - swing_trading - INFO - Retrieved 255 data points for EZJ.L
2025-04-18 20:25:18,993 - swing_trading - INFO - Retrieving data for BARC.L
2025-04-18 20:25:19,116 - swing_trading - INFO - Retrieved 255 data points for BARC.L
2025-04-18 20:25:19,116 - swing_trading - INFO - Retrieving data for BP.L
2025-04-18 20:25:19,250 - swing_trading - INFO - Retrieved 254 data points for BP.L
2025-04-18 20:25:19,250 - swing_trading - INFO - Training random_forest model
2025-04-18 20:25:19,820 - swing_trading - INFO - Model training completed
2025-04-18 20:25:19,820 - swing_trading - INFO - Accuracy: 1.0000
2025-04-18 20:25:19,820 - swing_trading - INFO - Precision: 1.0000
2025-04-18 20:25:19,820 - swing_trading - INFO - Recall: 1.0000
2025-04-18 20:25:19,820 - swing_trading - INFO - F1 Score: 1.0000
2025-04-18 20:25:19,820 - swing_trading - INFO - Top features: adx, volume_ratio_5_20, price_to_sma_50, volatility_20d, month, sma_200, return_5d, momentum_5d, sma_ratio_50_200, obv_sma_20
2025-04-18 20:25:19,821 - swing_trading - INFO - Training results saved to reports\adaptive_ml_training_result_20250418_202519.json
2025-04-18 20:25:20,188 - swing_trading - INFO - Feature importance plot saved to reports\feature_importance_20250418_202519.png
