2025-04-18 19:59:11,854 - swing_trading - INFO - Starting Swing Trading Algorithm
2025-04-18 19:59:11,854 - swing_trading - INFO - Configuration loaded: Swing Trading Algorithm
2025-04-18 19:59:11,855 - swing_trading - INFO - Data provider initialized: YahooFinanceProvider
2025-04-18 19:59:11,855 - swing_trading - INFO - Retrieving data for F
2025-04-18 19:59:12,202 - swing_trading - INFO - Retrieved 251 data points for F
2025-04-18 19:59:12,203 - swing_trading - INFO - Retrieving data for NOK
2025-04-18 19:59:12,314 - swing_trading - INFO - Retrieved 251 data points for NOK
2025-04-18 19:59:12,316 - swing_trading - INFO - Retrieving data for PLTR
2025-04-18 19:59:12,400 - swing_trading - INFO - Retrieved 251 data points for PLTR
2025-04-18 19:59:12,400 - swing_trading - INFO - Retrieving data for LLOY.L
2025-04-18 19:59:12,517 - swing_trading - INFO - Retrieved 255 data points for LLOY.L
2025-04-18 19:59:12,517 - swing_trading - INFO - Retrieving data for RR.L
2025-04-18 19:59:12,630 - swing_trading - INFO - Retrieved 255 data points for RR.L
2025-04-18 19:59:12,630 - swing_trading - INFO - Retrieving data for EZJ.L
2025-04-18 19:59:12,723 - swing_trading - INFO - Retrieved 255 data points for EZJ.L
2025-04-18 19:59:12,723 - swing_trading - INFO - Retrieving data for BARC.L
2025-04-18 19:59:12,845 - swing_trading - INFO - Retrieved 255 data points for BARC.L
2025-04-18 19:59:12,845 - swing_trading - INFO - Retrieving data for BP.L
2025-04-18 19:59:12,970 - swing_trading - INFO - Retrieved 254 data points for BP.L
2025-04-18 19:59:12,971 - swing_trading - INFO - Strategy initialized: Basic Swing Strategy
2025-04-18 19:59:12,971 - swing_trading - INFO - Simulator initialized with balance: 50.0 GBP
2025-04-18 19:59:12,971 - swing_trading - INFO - Performance analyzer initialized
2025-04-18 19:59:12,971 - swing_trading - INFO - Starting simulation
2025-04-18 19:59:12,972 - swing_trading - INFO - Analyzing F
2025-04-18 19:59:12,986 - swing_trading - INFO - Generated 2 signals for F
2025-04-18 19:59:12,988 - swing_trading - INFO - Opened short trade for F at 11.380736815452575
2025-04-18 19:59:12,991 - swing_trading - INFO - Analyzing NOK
2025-04-18 19:59:13,009 - swing_trading - INFO - No signals generated for NOK
2025-04-18 19:59:13,009 - swing_trading - INFO - Analyzing PLTR
2025-04-18 19:59:13,025 - swing_trading - INFO - Generated 1 signals for PLTR
2025-04-18 19:59:13,027 - swing_trading - INFO - Opened long trade for PLTR at 26.616590152740475
2025-04-18 19:59:13,028 - swing_trading - INFO - Analyzing LLOY.L
2025-04-18 19:59:13,045 - swing_trading - INFO - Generated 2 signals for LLOY.L
2025-04-18 19:59:13,049 - swing_trading - INFO - Opened long trade for LLOY.L at 55.0071616821289
2025-04-18 19:59:13,052 - swing_trading - INFO - Analyzing RR.L
2025-04-18 19:59:13,068 - swing_trading - INFO - Generated 2 signals for RR.L
2025-04-18 19:59:13,073 - swing_trading - INFO - Analyzing EZJ.L
2025-04-18 19:59:13,091 - swing_trading - INFO - No signals generated for EZJ.L
2025-04-18 19:59:13,091 - swing_trading - INFO - Analyzing BARC.L
2025-04-18 19:59:13,106 - swing_trading - INFO - Generated 1 signals for BARC.L
2025-04-18 19:59:13,110 - swing_trading - INFO - Analyzing BP.L
2025-04-18 19:59:13,125 - swing_trading - INFO - No signals generated for BP.L
2025-04-18 19:59:13,131 - swing_trading - INFO - Closed 3 trades
2025-04-18 19:59:13,564 - swing_trading - INFO - Simulation completed
2025-04-18 19:59:13,564 - swing_trading - INFO - Final balance: 54.023621249771296 GBP
2025-04-18 19:59:13,565 - swing_trading - INFO - Total profit/loss: 4.0236212497712955 GBP (8.047242499542591%)
2025-04-18 19:59:13,566 - swing_trading - INFO - Total trades: 3
2025-04-18 19:59:13,568 - swing_trading - INFO - Open positions: 0
2025-04-18 19:59:13,568 - swing_trading - INFO - Swing Trading Algorithm completed
