2025-04-18 20:14:25,302 - swing_trading - INFO - Starting Backtest
2025-04-18 20:14:25,305 - swing_trading - INFO - Data provider initialized: YahooFinanceProvider
2025-04-18 20:14:25,305 - swing_trading - INFO - Retrieving data for F
2025-04-18 20:14:25,620 - swing_trading - INFO - Retrieved 250 data points for F
2025-04-18 20:14:25,620 - swing_trading - INFO - Retrieving data for NOK
2025-04-18 20:14:25,726 - swing_trading - INFO - Retrieved 250 data points for NOK
2025-04-18 20:14:25,726 - swing_trading - INFO - Retrieving data for PLTR
2025-04-18 20:14:25,805 - swing_trading - INFO - Retrieved 250 data points for PLTR
2025-04-18 20:14:25,806 - swing_trading - INFO - Retrieving data for LLOY.L
2025-04-18 20:14:25,945 - swing_trading - INFO - Retrieved 251 data points for LLOY.L
2025-04-18 20:14:25,945 - swing_trading - INFO - Retrieving data for RR.L
2025-04-18 20:14:26,059 - swing_trading - INFO - Retrieved 251 data points for RR.L
2025-04-18 20:14:26,059 - swing_trading - INFO - Retrieving data for EZJ.L
2025-04-18 20:14:26,155 - swing_trading - INFO - Retrieved 251 data points for EZJ.L
2025-04-18 20:14:26,155 - swing_trading - INFO - Retrieving data for BARC.L
2025-04-18 20:14:26,274 - swing_trading - INFO - Retrieved 251 data points for BARC.L
2025-04-18 20:14:26,274 - swing_trading - INFO - Retrieving data for BP.L
2025-04-18 20:14:26,476 - swing_trading - INFO - Retrieved 251 data points for BP.L
2025-04-18 20:14:26,477 - swing_trading - INFO - Strategy initialized: Basic Swing Strategy
2025-04-18 20:14:26,477 - swing_trading - INFO - Running backtest from 2023-01-01 00:00:00 to 2024-01-01 00:00:00
2025-04-18 20:15:00,923 - swing_trading - INFO - Backtest completed
2025-04-18 20:15:00,924 - swing_trading - INFO - Initial balance: 50.0 GBP
2025-04-18 20:15:00,924 - swing_trading - INFO - Final balance: 52.11994036961645 GBP
2025-04-18 20:15:00,924 - swing_trading - INFO - Total return: 2.119940369616451 GBP (4.24%)
2025-04-18 20:15:00,924 - swing_trading - INFO - Total trades: 9
2025-04-18 20:15:00,924 - swing_trading - INFO - Winning trades: 5 (55.56%)
2025-04-18 20:15:00,924 - swing_trading - INFO - Losing trades: 4
2025-04-18 20:15:00,924 - swing_trading - INFO - Profit factor: 0.00
2025-04-18 20:15:00,924 - swing_trading - INFO - Max drawdown: 0 GBP (0.00%)
2025-04-18 20:15:00,924 - swing_trading - INFO - Sharpe ratio: 0.00
2025-04-18 20:15:00,925 - swing_trading - INFO - Sortino ratio: 0.00
2025-04-18 20:15:00,939 - swing_trading - INFO - Backtest results saved to backtest\backtest_result_20250418_201500.json
