2025-04-18 20:11:27,378 - swing_trading - INFO - Starting Backtest
2025-04-18 20:11:27,380 - swing_trading - INFO - Data provider initialized: YahooFinanceProvider
2025-04-18 20:11:27,380 - swing_trading - INFO - Retrieving data for F
2025-04-18 20:11:27,682 - swing_trading - INFO - Retrieved 250 data points for F
2025-04-18 20:11:27,682 - swing_trading - INFO - Retrieving data for NOK
2025-04-18 20:11:27,828 - swing_trading - INFO - Retrieved 250 data points for NOK
2025-04-18 20:11:27,828 - swing_trading - INFO - Retrieving data for PLTR
2025-04-18 20:11:27,904 - swing_trading - INFO - Retrieved 250 data points for PLTR
2025-04-18 20:11:27,904 - swing_trading - INFO - Retrieving data for LLOY.L
2025-04-18 20:11:28,074 - swing_trading - INFO - Retrieved 251 data points for LLOY.L
2025-04-18 20:11:28,074 - swing_trading - INFO - Retrieving data for RR.L
2025-04-18 20:11:28,185 - swing_trading - INFO - Retrieved 251 data points for RR.L
2025-04-18 20:11:28,186 - swing_trading - INFO - Retrieving data for EZJ.L
2025-04-18 20:11:28,278 - swing_trading - INFO - Retrieved 251 data points for EZJ.L
2025-04-18 20:11:28,279 - swing_trading - INFO - Retrieving data for BARC.L
2025-04-18 20:11:28,387 - swing_trading - INFO - Retrieved 251 data points for BARC.L
2025-04-18 20:11:28,388 - swing_trading - INFO - Retrieving data for BP.L
2025-04-18 20:11:28,507 - swing_trading - INFO - Retrieved 251 data points for BP.L
2025-04-18 20:11:28,507 - swing_trading - INFO - Strategy initialized: Basic Swing Strategy
2025-04-18 20:11:28,508 - swing_trading - INFO - Running backtest from 2023-01-01 00:00:00 to 2024-01-01 00:00:00
