2025-04-18 20:12:22,106 - swing_trading - INFO - Starting Backtest
2025-04-18 20:12:22,108 - swing_trading - INFO - Data provider initialized: YahooFinanceProvider
2025-04-18 20:12:22,108 - swing_trading - INFO - Retrieving data for F
2025-04-18 20:12:22,420 - swing_trading - INFO - Retrieved 250 data points for F
2025-04-18 20:12:22,420 - swing_trading - INFO - Retrieving data for NOK
2025-04-18 20:12:22,544 - swing_trading - INFO - Retrieved 250 data points for NOK
2025-04-18 20:12:22,544 - swing_trading - INFO - Retrieving data for PLTR
2025-04-18 20:12:22,618 - swing_trading - INFO - Retrieved 250 data points for PLTR
2025-04-18 20:12:22,621 - swing_trading - INFO - Retrieving data for LLOY.L
2025-04-18 20:12:22,799 - swing_trading - INFO - Retrieved 251 data points for LLOY.L
2025-04-18 20:12:22,799 - swing_trading - INFO - Retrieving data for RR.L
2025-04-18 20:12:22,929 - swing_trading - INFO - Retrieved 251 data points for RR.L
2025-04-18 20:12:22,929 - swing_trading - INFO - Retrieving data for EZJ.L
2025-04-18 20:12:23,055 - swing_trading - INFO - Retrieved 251 data points for EZJ.L
2025-04-18 20:12:23,057 - swing_trading - INFO - Retrieving data for BARC.L
2025-04-18 20:12:23,172 - swing_trading - INFO - Retrieved 251 data points for BARC.L
2025-04-18 20:12:23,173 - swing_trading - INFO - Retrieving data for BP.L
2025-04-18 20:12:23,290 - swing_trading - INFO - Retrieved 251 data points for BP.L
2025-04-18 20:12:23,290 - swing_trading - INFO - Strategy initialized: Basic Swing Strategy
2025-04-18 20:12:23,290 - swing_trading - INFO - Running backtest from 2023-01-01 00:00:00 to 2024-01-01 00:00:00
