2025-04-18 19:54:21,799 - swing_trading - INFO - Starting Swing Trading Algorithm
2025-04-18 19:54:21,799 - swing_trading - INFO - Configuration loaded: Swing Trading Algorithm
2025-04-18 19:54:21,800 - swing_trading - INFO - Data provider initialized: YahooFinanceProvider
2025-04-18 19:54:21,800 - swing_trading - INFO - Retrieving data for F
2025-04-18 19:54:21,800 - swing_trading - INFO - Retrieved 0 data points for F
2025-04-18 19:54:21,800 - swing_trading - INFO - Retrieving data for NOK
2025-04-18 19:54:21,800 - swing_trading - INFO - Retrieved 0 data points for NOK
2025-04-18 19:54:21,802 - swing_trading - INFO - Retrieving data for PLTR
2025-04-18 19:54:21,802 - swing_trading - INFO - Retrieved 0 data points for PLTR
2025-04-18 19:54:21,802 - swing_trading - INFO - Retrieving data for LLOY.L
2025-04-18 19:54:21,802 - swing_trading - INFO - Retrieved 0 data points for LLOY.L
2025-04-18 19:54:21,802 - swing_trading - INFO - Retrieving data for RR.L
2025-04-18 19:54:21,802 - swing_trading - INFO - Retrieved 0 data points for RR.L
2025-04-18 19:54:21,802 - swing_trading - INFO - Retrieving data for EZJ.L
2025-04-18 19:54:21,803 - swing_trading - INFO - Retrieved 0 data points for EZJ.L
2025-04-18 19:54:21,803 - swing_trading - INFO - Retrieving data for BARC.L
2025-04-18 19:54:21,803 - swing_trading - INFO - Retrieved 0 data points for BARC.L
2025-04-18 19:54:21,803 - swing_trading - INFO - Retrieving data for BP.L
2025-04-18 19:54:21,803 - swing_trading - INFO - Retrieved 0 data points for BP.L
2025-04-18 19:54:21,803 - swing_trading - INFO - Strategy initialized: Basic Swing Strategy
2025-04-18 19:54:21,804 - swing_trading - INFO - Simulator initialized with balance: 50.0 GBP
2025-04-18 19:54:21,804 - swing_trading - INFO - Performance analyzer initialized
2025-04-18 19:54:21,804 - swing_trading - INFO - Starting simulation
2025-04-18 19:54:21,804 - swing_trading - INFO - Analyzing F
2025-04-18 19:54:21,808 - swing_trading - INFO - No signals generated for F
2025-04-18 19:54:21,808 - swing_trading - INFO - Analyzing NOK
2025-04-18 19:54:21,808 - swing_trading - INFO - No signals generated for NOK
2025-04-18 19:54:21,809 - swing_trading - INFO - Analyzing PLTR
2025-04-18 19:54:21,809 - swing_trading - INFO - No signals generated for PLTR
2025-04-18 19:54:21,810 - swing_trading - INFO - Analyzing LLOY.L
2025-04-18 19:54:21,810 - swing_trading - INFO - No signals generated for LLOY.L
2025-04-18 19:54:21,810 - swing_trading - INFO - Analyzing RR.L
2025-04-18 19:54:21,811 - swing_trading - INFO - No signals generated for RR.L
2025-04-18 19:54:21,811 - swing_trading - INFO - Analyzing EZJ.L
2025-04-18 19:54:21,811 - swing_trading - INFO - No signals generated for EZJ.L
2025-04-18 19:54:21,811 - swing_trading - INFO - Analyzing BARC.L
2025-04-18 19:54:21,812 - swing_trading - INFO - No signals generated for BARC.L
2025-04-18 19:54:21,812 - swing_trading - INFO - Analyzing BP.L
2025-04-18 19:54:21,812 - swing_trading - INFO - No signals generated for BP.L
